<?xml version="1.0" encoding="UTF-8"?>
<!-- Generated by org.testng.reporters.JUnitXMLReporter -->
<testsuite ignored="0" hostname="DESKTOP-QJ2BC7G" failures="0" tests="3" name="medicalapp Test" time="118.739" errors="0" timestamp="2023-08-16T00:21:44 IST">
  <testcase classname="com.medsol1.testcases.TC_Billings" name="billing_test" time="58.382"/>
  <testcase classname="com.medsol1.testcases.TC_Billings" name="editbilling_test" time="27.686"/>
  <testcase classname="com.medsol1.testcases.TC_Billings" name="deleteilling_test" time="1.759"/>
</testsuite> <!-- medicalapp Test -->
