<?xml version="1.0" encoding="UTF-8"?>
<!-- Generated by org.testng.reporters.JUnitXMLReporter -->
<testsuite ignored="0" hostname="LAPTOP-CT89GU8S" failures="1" tests="1" name="Test" time="35.063" errors="0" timestamp="2023-04-03T13:27:36 IST">
  <testcase classname="com.medsol1.testcases.Tc_BloodDonar" name="BloodDonar" time="19.304">
    <failure type="java.lang.NullPointerException" message="Cannot invoke &amp;quot;Object.equals(Object)&amp;quot; because &amp;quot;this.DonaBloodGroup&amp;quot; is null">
      <![CDATA[java.lang.NullPointerException: Cannot invoke "Object.equals(Object)" because "this.DonaBloodGroup" is null
at com.medol1.pageobjects.BloodDonarPage.DonarBloodGroup(BloodDonarPage.java:131)
at com.medsol1.testcases.Tc_BloodDonar.BloodDonar(Tc_BloodDonar.java:36)
at java.base/java.util.ArrayList.forEach(ArrayList.java:1511)
... Removed 27 stack frames]]>
    </failure>
  </testcase> <!-- BloodDonar -->
</testsuite> <!-- Test -->
