<?xml version="1.0" encoding="UTF-8"?>
<testng-results ignored="0" total="1" passed="1" failed="0" skipped="0">
  <reporter-output>
  </reporter-output>
  <suite started-at="2023-02-08T19:58:15 IST" name=" medsol Suite" finished-at="2023-02-08T19:58:54 IST" duration-ms="38533">
    <groups>
    </groups>
    <test started-at="2023-02-08T19:58:15 IST" name=" Login Test" finished-at="2023-02-08T19:58:54 IST" duration-ms="38533">
      <class name="com.medsol.testcases.TC_Payments_created">
        <test-method is-config="true" signature="setup(java.lang.String)[pri:0, instance:com.medsol.testcases.TC_Payments_created@51399530]" started-at="2023-02-08T19:58:15 IST" name="setup" finished-at="2023-02-08T19:58:28 IST" duration-ms="13181" status="PASS">
          <params>
            <param index="0">
              <value>
                <![CDATA[chrome]]>
              </value>
            </param>
          </params>
          <reporter-output>
          </reporter-output>
        </test-method> <!-- setup -->
        <test-method signature="Paymentstest()[pri:0, instance:com.medsol.testcases.TC_Payments_created@51399530]" started-at="2023-02-08T19:58:28 IST" name="Paymentstest" finished-at="2023-02-08T19:58:53 IST" duration-ms="24997" status="PASS">
          <reporter-output>
          </reporter-output>
        </test-method> <!-- Paymentstest -->
        <test-method is-config="true" signature="teardown()[pri:0, instance:com.medsol.testcases.TC_Payments_created@51399530]" started-at="2023-02-08T19:58:53 IST" name="teardown" finished-at="2023-02-08T19:58:54 IST" duration-ms="300" status="PASS">
          <reporter-output>
          </reporter-output>
        </test-method> <!-- teardown -->
      </class> <!-- com.medsol.testcases.TC_Payments_created -->
    </test> <!--  Login Test -->
  </suite> <!--  medsol Suite -->
</testng-results>
