<?xml version="1.0" encoding="UTF-8"?>
<testng-results ignored="0" total="1" passed="1" failed="0" skipped="0">
  <reporter-output>
  </reporter-output>
  <suite started-at="2023-08-11T13:14:49 IST" name="medsol1" finished-at="2023-08-11T13:16:03 IST" duration-ms="74617">
    <groups>
    </groups>
    <test started-at="2023-08-11T13:14:49 IST" name="medicalapp Test" finished-at="2023-08-11T13:16:03 IST" duration-ms="74617">
      <class name="com.medsol1.testcases.TC_Finances_Income_Delete">
        <test-method is-config="true" signature="setup(java.lang.String)[pri:0, instance:com.medsol1.testcases.TC_Finances_Income_Delete@1033576a]" started-at="2023-08-11T13:14:49 IST" name="setup" finished-at="2023-08-11T13:15:21 IST" duration-ms="32786" status="PASS">
          <params>
            <param index="0">
              <value>
                <![CDATA[chrome]]>
              </value>
            </param>
          </params>
          <reporter-output>
          </reporter-output>
        </test-method> <!-- setup -->
        <test-method signature="deleteFinanceIncome()[pri:0, instance:com.medsol1.testcases.TC_Finances_Income_Delete@1033576a]" started-at="2023-08-11T13:15:22 IST" name="deleteFinanceIncome" finished-at="2023-08-11T13:16:01 IST" duration-ms="39836" status="PASS">
          <reporter-output>
          </reporter-output>
        </test-method> <!-- deleteFinanceIncome -->
        <test-method is-config="true" signature="teardown()[pri:0, instance:com.medsol1.testcases.TC_Finances_Income_Delete@1033576a]" started-at="2023-08-11T13:16:01 IST" name="teardown" finished-at="2023-08-11T13:16:03 IST" duration-ms="1839" status="PASS">
          <reporter-output>
          </reporter-output>
        </test-method> <!-- teardown -->
      </class> <!-- com.medsol1.testcases.TC_Finances_Income_Delete -->
    </test> <!-- medicalapp Test -->
  </suite> <!-- medsol1 -->
</testng-results>
