<?xml version="1.0" encoding="UTF-8"?>
<testng-results ignored="0" total="1" passed="0" failed="1" skipped="0">
  <reporter-output>
  </reporter-output>
  <suite started-at="2023-04-03T13:27:01 IST" name="Suite" finished-at="2023-04-03T13:27:36 IST" duration-ms="35063">
    <groups>
    </groups>
    <test started-at="2023-04-03T13:27:01 IST" name="Test" finished-at="2023-04-03T13:27:36 IST" duration-ms="35063">
      <class name="com.medsol1.testcases.Tc_BloodDonar">
        <test-method is-config="true" signature="setup(java.lang.String)[pri:0, instance:com.medsol1.testcases.Tc_BloodDonar@68f4865]" started-at="2023-04-03T13:27:01 IST" name="setup" finished-at="2023-04-03T13:27:16 IST" duration-ms="15117" status="PASS">
          <params>
            <param index="0">
              <value>
                <![CDATA[chrome]]>
              </value>
            </param>
          </params>
          <reporter-output>
          </reporter-output>
        </test-method> <!-- setup -->
        <test-method signature="BloodDonar()[pri:0, instance:com.medsol1.testcases.Tc_BloodDonar@68f4865]" started-at="2023-04-03T13:27:16 IST" name="BloodDonar" finished-at="2023-04-03T13:27:36 IST" duration-ms="19304" status="FAIL">
          <exception class="java.lang.NullPointerException">
            <message>
              <![CDATA[Cannot invoke "Object.equals(Object)" because "this.DonaBloodGroup" is null]]>
            </message>
            <full-stacktrace>
              <![CDATA[java.lang.NullPointerException: Cannot invoke "Object.equals(Object)" because "this.DonaBloodGroup" is null
at com.medol1.pageobjects.BloodDonarPage.DonarBloodGroup(BloodDonarPage.java:131)
at com.medsol1.testcases.Tc_BloodDonar.BloodDonar(Tc_BloodDonar.java:36)
at java.base/jdk.internal.reflect.NativeMethodAccessorImpl.invoke0(Native Method)
at java.base/jdk.internal.reflect.NativeMethodAccessorImpl.invoke(NativeMethodAccessorImpl.java:77)
at java.base/jdk.internal.reflect.DelegatingMethodAccessorImpl.invoke(DelegatingMethodAccessorImpl.java:43)
at java.base/java.lang.reflect.Method.invoke(Method.java:568)
at org.testng.internal.invokers.MethodInvocationHelper.invokeMethod(MethodInvocationHelper.java:139)
at org.testng.internal.invokers.TestInvoker.invokeMethod(TestInvoker.java:677)
at org.testng.internal.invokers.TestInvoker.invokeTestMethod(TestInvoker.java:221)
at org.testng.internal.invokers.MethodRunner.runInSequence(MethodRunner.java:50)
at org.testng.internal.invokers.TestInvoker$MethodInvocationAgent.invoke(TestInvoker.java:969)
at org.testng.internal.invokers.TestInvoker.invokeTestMethods(TestInvoker.java:194)
at org.testng.internal.invokers.TestMethodWorker.invokeTestMethods(TestMethodWorker.java:148)
at org.testng.internal.invokers.TestMethodWorker.run(TestMethodWorker.java:128)
at java.base/java.util.ArrayList.forEach(ArrayList.java:1511)
at org.testng.TestRunner.privateRun(TestRunner.java:829)
at org.testng.TestRunner.run(TestRunner.java:602)
at org.testng.SuiteRunner.runTest(SuiteRunner.java:437)
at org.testng.SuiteRunner.runSequentially(SuiteRunner.java:431)
at org.testng.SuiteRunner.privateRun(SuiteRunner.java:391)
at org.testng.SuiteRunner.run(SuiteRunner.java:330)
at org.testng.SuiteRunnerWorker.runSuite(SuiteRunnerWorker.java:52)
at org.testng.SuiteRunnerWorker.run(SuiteRunnerWorker.java:95)
at org.testng.TestNG.runSuitesSequentially(TestNG.java:1256)
at org.testng.TestNG.runSuitesLocally(TestNG.java:1176)
at org.testng.TestNG.runSuites(TestNG.java:1099)
at org.testng.TestNG.run(TestNG.java:1067)
at org.testng.remote.AbstractRemoteTestNG.run(AbstractRemoteTestNG.java:115)
at org.testng.remote.RemoteTestNG.initAndRun(RemoteTestNG.java:251)
at org.testng.remote.RemoteTestNG.main(RemoteTestNG.java:77)
]]>
            </full-stacktrace>
          </exception> <!-- java.lang.NullPointerException -->
          <reporter-output>
          </reporter-output>
        </test-method> <!-- BloodDonar -->
        <test-method is-config="true" signature="teardown()[pri:0, instance:com.medsol1.testcases.Tc_BloodDonar@68f4865]" started-at="2023-04-03T13:27:36 IST" name="teardown" finished-at="2023-04-03T13:27:36 IST" duration-ms="592" status="PASS">
          <reporter-output>
          </reporter-output>
        </test-method> <!-- teardown -->
      </class> <!-- com.medsol1.testcases.Tc_BloodDonar -->
    </test> <!-- Test -->
  </suite> <!-- Suite -->
</testng-results>
