<?xml version="1.0" encoding="UTF-8"?>
<testng-results ignored="0" total="1" passed="1" failed="0" skipped="0">
  <reporter-output>
  </reporter-output>
  <suite started-at="2023-08-16T12:20:59 IST" name="medsol1" finished-at="2023-08-16T12:22:31 IST" duration-ms="92179">
    <groups>
    </groups>
    <test started-at="2023-08-16T12:20:59 IST" name="medicalapp Test" finished-at="2023-08-16T12:22:31 IST" duration-ms="92179">
      <class name="com.medsol1.testcases.TC_BloodBank_BloodDonation_Created">
        <test-method is-config="true" signature="setup(java.lang.String)[pri:0, instance:com.medsol1.testcases.TC_BloodBank_BloodDonation_Created@6025e1b6]" started-at="2023-08-16T12:20:59 IST" name="setup" finished-at="2023-08-16T12:21:29 IST" duration-ms="30646" status="PASS">
          <params>
            <param index="0">
              <value>
                <![CDATA[chrome]]>
              </value>
            </param>
          </params>
          <reporter-output>
          </reporter-output>
        </test-method> <!-- setup -->
        <test-method signature="Bloodbank_BloodDonationstest()[pri:0, instance:com.medsol1.testcases.TC_BloodBank_BloodDonation_Created@6025e1b6]" started-at="2023-08-16T12:21:30 IST" name="Bloodbank_BloodDonationstest" finished-at="2023-08-16T12:22:25 IST" duration-ms="55446" status="PASS">
          <reporter-output>
          </reporter-output>
        </test-method> <!-- Bloodbank_BloodDonationstest -->
        <test-method is-config="true" signature="teardown()[pri:0, instance:com.medsol1.testcases.TC_BloodBank_BloodDonation_Created@6025e1b6]" started-at="2023-08-16T12:22:25 IST" name="teardown" finished-at="2023-08-16T12:22:31 IST" duration-ms="5951" status="PASS">
          <reporter-output>
          </reporter-output>
        </test-method> <!-- teardown -->
      </class> <!-- com.medsol1.testcases.TC_BloodBank_BloodDonation_Created -->
    </test> <!-- medicalapp Test -->
  </suite> <!-- medsol1 -->
</testng-results>
