<?xml version="1.0" encoding="UTF-8"?>
<testng-results ignored="0" total="1" passed="1" failed="0" skipped="0">
  <reporter-output>
  </reporter-output>
  <suite started-at="2023-04-03T15:26:50 IST" name="Suite" finished-at="2023-04-03T15:27:21 IST" duration-ms="31708">
    <groups>
    </groups>
    <test started-at="2023-04-03T15:26:50 IST" name="Test" finished-at="2023-04-03T15:27:21 IST" duration-ms="31708">
      <class name="com.medsol.testcases.TC_Doctor_DoctorDepartment_delete">
        <test-method is-config="true" signature="setup(java.lang.String)[pri:0, instance:com.medsol.testcases.TC_Doctor_DoctorDepartment_delete@506ae4d4]" started-at="2023-04-03T15:26:50 IST" name="setup" finished-at="2023-04-03T15:27:03 IST" duration-ms="13667" status="PASS">
          <params>
            <param index="0">
              <value>
                <![CDATA[chrome]]>
              </value>
            </param>
          </params>
          <reporter-output>
          </reporter-output>
        </test-method> <!-- setup -->
        <test-method signature="Doctors_Doctorsdepartmenttest()[pri:0, instance:com.medsol.testcases.TC_Doctor_DoctorDepartment_delete@506ae4d4]" started-at="2023-04-03T15:27:03 IST" name="Doctors_Doctorsdepartmenttest" finished-at="2023-04-03T15:27:20 IST" duration-ms="17005" status="PASS">
          <reporter-output>
          </reporter-output>
        </test-method> <!-- Doctors_Doctorsdepartmenttest -->
        <test-method is-config="true" signature="teardown()[pri:0, instance:com.medsol.testcases.TC_Doctor_DoctorDepartment_delete@506ae4d4]" started-at="2023-04-03T15:27:20 IST" name="teardown" finished-at="2023-04-03T15:27:21 IST" duration-ms="979" status="PASS">
          <reporter-output>
          </reporter-output>
        </test-method> <!-- teardown -->
      </class> <!-- com.medsol.testcases.TC_Doctor_DoctorDepartment_delete -->
    </test> <!-- Test -->
  </suite> <!-- Suite -->
</testng-results>
