<?xml version="1.0" encoding="UTF-8"?>
<testng-results ignored="0" total="1" passed="1" failed="0" skipped="0">
  <reporter-output>
  </reporter-output>
  <suite started-at="2023-03-30T13:25:36 IST" name="Default suite" finished-at="2023-03-30T13:26:19 IST" duration-ms="42590">
    <groups>
    </groups>
    <test started-at="2023-03-30T13:25:36 IST" name="Default test" finished-at="2023-03-30T13:26:19 IST" duration-ms="42590">
      <class name="com.medsol.testcases.TC_Accountant_Created">
        <test-method is-config="true" signature="setup()[pri:0, instance:com.medsol.testcases.TC_Accountant_Created@776aec5c]" started-at="2023-03-30T13:25:36 IST" name="setup" finished-at="2023-03-30T13:25:45 IST" duration-ms="9153" status="PASS">
          <reporter-output>
          </reporter-output>
        </test-method> <!-- setup -->
        <test-method signature="accountantTest()[pri:0, instance:com.medsol.testcases.TC_Accountant_Created@776aec5c]" started-at="2023-03-30T13:25:45 IST" name="accountantTest" finished-at="2023-03-30T13:26:18 IST" duration-ms="32892" status="PASS">
          <reporter-output>
          </reporter-output>
        </test-method> <!-- accountantTest -->
        <test-method is-config="true" signature="tearDown()[pri:0, instance:com.medsol.testcases.TC_Accountant_Created@776aec5c]" started-at="2023-03-30T13:26:18 IST" name="tearDown" finished-at="2023-03-30T13:26:19 IST" duration-ms="468" status="PASS">
          <reporter-output>
          </reporter-output>
        </test-method> <!-- tearDown -->
      </class> <!-- com.medsol.testcases.TC_Accountant_Created -->
    </test> <!-- Default test -->
  </suite> <!-- Default suite -->
</testng-results>
